La génération a démarré 30/10/2017 10:42:01.
     1>Projet "C:\Users\Tristan\Desktop\OpenWork1\OptimizationExample_Arm26\build\OptimizationExample_Arm26.vcxproj" sur le nœud 2 (Build cible(s)).
     1>CustomBuild:
         Building Custom Rule C:/Users/Tristan/Desktop/OpenWork1/OptimizationExample_Arm26/CMakeLists.txt
         CMake does not need to re-run because C:/Users/Tristan/Desktop/OpenWork1/OptimizationExample_Arm26/build/CMakeFiles/generate.stamp is up-to-date.
       ClCompile:
         C:\Program Files (x86)\Microsoft Visual Studio 12.0\VC\bin\x86_amd64\CL.exe /c /I\Vendors /I"C:\OpenSim 3.3\sdk\include\SimTK\include" /I"C:\OpenSim 3.3\sdk\include" /nologo /W3 /WX- /O2 /Ob2 /D WIN32 /D _WINDOWS /D NDEBUG /D "CMAKE_INTDIR=\"Release\"" /D _MBCS /Gm- /EHsc /MD /GS /fp:precise /Zc:wchar_t /Zc:forScope /GR /Fo"OptimizationExample_Arm26.dir\Release\\" /Fd"OptimizationExample_Arm26.dir\Release\vc120.pdb" /Gd /TP /errorReport:prompt C:\Users\Tristan\Desktop\OpenWork1\OptimizationExample_Arm26\OptimizationExample.cpp
         OptimizationExample.cpp
       Link:
         C:\Program Files (x86)\Microsoft Visual Studio 12.0\VC\bin\x86_amd64\link.exe /ERRORREPORT:PROMPT /OUT:"C:\Users\Tristan\Desktop\OpenWork1\OptimizationExample_Arm26\build\Release\OptimizationExample_Arm26.exe" /INCREMENTAL:NO /NOLOGO /LIBPATH:"C:/OpenSim 3.3/sdk/lib" /LIBPATH:"C:/OpenSim 3.3/sdk/lib/Release" /LIBPATH:"C:/OpenSim 3.3/lib" /LIBPATH:"C:/OpenSim 3.3/lib/Release" /LIBPATH:"C:/OpenSim 3.3/bin" /LIBPATH:"C:/OpenSim 3.3/bin/Release" osimSimulation.lib osimActuators.lib osimCommon.lib osimAnalyses.lib osimTools.lib OpenSim_SimTKcommon.lib OpenSim_SimTKmath.lib OpenSim_SimTKsimbody.lib kernel32.lib user32.lib gdi32.lib winspool.lib shell32.lib ole32.lib oleaut32.lib uuid.lib comdlg32.lib advapi32.lib /MANIFEST /MANIFESTUAC:"level='asInvoker' uiAccess='false'" /manifest:embed /PDB:"C:/Users/Tristan/Desktop/OpenWork1/OptimizationExample_Arm26/build/Release/OptimizationExample_Arm26.pdb" /SUBSYSTEM:CONSOLE /TLBID:1 /DYNAMICBASE /NXCOMPAT /IMPLIB:"C:/Users/Tristan/Desktop/OpenWork1/OptimizationExample_Arm26/build/Release/OptimizationExample_Arm26.lib" /MACHINE:X64  /machine:x64 OptimizationExample_Arm26.dir\Release\OptimizationExample.obj
         OptimizationExample_Arm26.vcxproj -> C:\Users\Tristan\Desktop\OpenWork1\OptimizationExample_Arm26\build\Release\OptimizationExample_Arm26.exe
       PostBuildEvent:
         setlocal
         "C:\Program Files\CMake\bin\cmake.exe" -E copy C:/Users/Tristan/Desktop/OpenWork1/OptimizationExample_Arm26/Arm26_Optimize.osim C:/Users/Tristan/Desktop/OpenWork1/OptimizationExample_Arm26/build
         if %errorlevel% neq 0 goto :cmEnd
         :cmEnd
         endlocal & call :cmErrorLevel %errorlevel% & goto :cmDone
         :cmErrorLevel
         exit /b %1
         :cmDone
         if %errorlevel% neq 0 goto :VCEnd
         :VCEnd
     1>Génération du projet "C:\Users\Tristan\Desktop\OpenWork1\OptimizationExample_Arm26\build\OptimizationExample_Arm26.vcxproj" terminée (Build cible(s)).

La génération a réussi.

Temps écoulé 00:00:05.21
